  progress.cpp
c:\users\fan\documents\cuesdk_2.4.67\yhacks-2016\cuesdk\examples\progress\progress\progress.cpp(107): warning C4267: 'argument': conversion from 'size_t' to 'int', possible loss of data
c:\users\fan\documents\cuesdk_2.4.67\yhacks-2016\cuesdk\examples\progress\progress\progress.cpp(161): warning C4244: '=': conversion from 'double' to 'int', possible loss of data
c:\users\fan\documents\cuesdk_2.4.67\yhacks-2016\cuesdk\examples\progress\progress\progress.cpp(162): warning C4244: '=': conversion from 'double' to 'int', possible loss of data
c:\users\fan\documents\cuesdk_2.4.67\yhacks-2016\cuesdk\examples\progress\progress\progress.cpp(163): warning C4244: '=': conversion from 'double' to 'int', possible loss of data
c:\users\fan\documents\cuesdk_2.4.67\yhacks-2016\cuesdk\examples\progress\progress\progress.cpp(174): warning C4244: '=': conversion from 'double' to 'int', possible loss of data
c:\users\fan\documents\cuesdk_2.4.67\yhacks-2016\cuesdk\examples\progress\progress\progress.cpp(175): warning C4244: '=': conversion from 'double' to 'int', possible loss of data
c:\users\fan\documents\cuesdk_2.4.67\yhacks-2016\cuesdk\examples\progress\progress\progress.cpp(176): warning C4244: '=': conversion from 'double' to 'int', possible loss of data
c:\users\fan\documents\cuesdk_2.4.67\yhacks-2016\cuesdk\examples\progress\progress\progress.cpp(179): warning C4244: '=': conversion from 'double' to 'int', possible loss of data
c:\users\fan\documents\cuesdk_2.4.67\yhacks-2016\cuesdk\examples\progress\progress\progress.cpp(180): warning C4244: '=': conversion from 'double' to 'int', possible loss of data
c:\users\fan\documents\cuesdk_2.4.67\yhacks-2016\cuesdk\examples\progress\progress\progress.cpp(181): warning C4244: '=': conversion from 'double' to 'int', possible loss of data
c:\users\fan\documents\cuesdk_2.4.67\yhacks-2016\cuesdk\examples\progress\progress\progress.cpp(202): warning C4267: 'argument': conversion from 'size_t' to 'int', possible loss of data
c:\users\fan\documents\cuesdk_2.4.67\yhacks-2016\cuesdk\examples\progress\progress\progress.cpp(278): warning C4267: 'argument': conversion from 'size_t' to 'int', possible loss of data
c:\users\fan\documents\cuesdk_2.4.67\yhacks-2016\cuesdk\examples\progress\progress\progress.cpp(324): warning C4267: 'argument': conversion from 'size_t' to 'int', possible loss of data
c:\users\fan\documents\cuesdk_2.4.67\yhacks-2016\cuesdk\examples\progress\progress\progress.cpp(370): warning C4244: '=': conversion from 'double' to 'int', possible loss of data
c:\users\fan\documents\cuesdk_2.4.67\yhacks-2016\cuesdk\examples\progress\progress\progress.cpp(371): warning C4267: 'argument': conversion from 'size_t' to 'int', possible loss of data
c:\users\fan\documents\cuesdk_2.4.67\yhacks-2016\cuesdk\examples\progress\progress\progress.cpp(381): warning C4244: 'initializing': conversion from 'double' to 'int', possible loss of data
  progress.vcxproj -> C:\Users\Fan\Documents\CUESDK_2.4.67\yhacks-2016\CUESDK\examples\progress\x64\Debug\progress.exe
  progress.vcxproj -> C:\Users\Fan\Documents\CUESDK_2.4.67\yhacks-2016\CUESDK\examples\progress\x64\Debug\progress.pdb (Full PDB)
  C:\Users\Fan\Documents\CUESDK_2.4.67\yhacks-2016\CUESDK\examples\progress\..\..\bin\x64\CUESDK.x64_2012.dll
  C:\Users\Fan\Documents\CUESDK_2.4.67\yhacks-2016\CUESDK\examples\progress\..\..\bin\x64\CUESDK.x64_2013.dll
  C:\Users\Fan\Documents\CUESDK_2.4.67\yhacks-2016\CUESDK\examples\progress\..\..\bin\x64\CUESDK.x64_2015.dll
  3 File(s) copied
